<?xml version="1.0" encoding="UTF-8"?>
<robot generator="Robot 6.1.1 (Python 3.11.0 on win32)" generated="20231117 13:33:44.740" rpa="false" schemaversion="4">
<suite id="s1" name="Tests" source="C:\Users\Valts\Documents\Palautusrepositorio\viikko3\web-login\src\tests">
<suite id="s1-s1" name="Home" source="C:\Users\Valts\Documents\Palautusrepositorio\viikko3\web-login\src\tests\home.robot">
<kw name="Open And Configure Browser" library="resource" type="SETUP">
<kw name="Evaluate" library="BuiltIn">
<var>${options}</var>
<arg>sys.modules['selenium.webdriver'].ChromeOptions()</arg>
<arg>sys</arg>
<doc>Evaluates the given expression in Python and returns the result.</doc>
<msg timestamp="20231117 13:33:47.122" level="INFO">${options} = &lt;selenium.webdriver.chrome.options.Options object at 0x000001D893E23DD0&gt;</msg>
<status status="PASS" starttime="20231117 13:33:47.122" endtime="20231117 13:33:47.122"/>
</kw>
<kw name="Call Method" library="BuiltIn">
<arg>${options}</arg>
<arg>add_argument</arg>
<arg>--no-sandbox</arg>
<doc>Calls the named method of the given object with the provided arguments.</doc>
<status status="PASS" starttime="20231117 13:33:47.122" endtime="20231117 13:33:47.122"/>
</kw>
<kw name="Open Browser" library="SeleniumLibrary">
<arg>browser=chrome</arg>
<arg>options=${options}</arg>
<doc>Opens a new browser instance to the optional ``url``.</doc>
<msg timestamp="20231117 13:33:47.122" level="INFO">Opening browser 'chrome' to base url 'None'.</msg>
<status status="PASS" starttime="20231117 13:33:47.122" endtime="20231117 13:33:48.738"/>
</kw>
<kw name="Set Selenium Speed" library="SeleniumLibrary">
<arg>${DELAY}</arg>
<doc>Sets the delay that is waited after each Selenium command.</doc>
<status status="PASS" starttime="20231117 13:33:48.739" endtime="20231117 13:33:48.739"/>
</kw>
<status status="PASS" starttime="20231117 13:33:47.122" endtime="20231117 13:33:48.739"/>
</kw>
<test id="s1-s1-t1" name="Click Login Link" line="8">
<kw name="Go To Starting Page" library="resource" type="SETUP">
<kw name="Go To" library="SeleniumLibrary">
<arg>${HOME_URL}</arg>
<doc>Navigates the current browser window to the provided ``url``.</doc>
<msg timestamp="20231117 13:33:48.744" level="INFO">Opening url 'http://localhost:5001'</msg>
<status status="PASS" starttime="20231117 13:33:48.743" endtime="20231117 13:33:49.595"/>
</kw>
<status status="PASS" starttime="20231117 13:33:48.743" endtime="20231117 13:33:49.595"/>
</kw>
<kw name="Click Link" library="SeleniumLibrary">
<arg>Login</arg>
<doc>Clicks a link identified by ``locator``.</doc>
<msg timestamp="20231117 13:33:49.595" level="INFO">Clicking link 'Login'.</msg>
<status status="PASS" starttime="20231117 13:33:49.595" endtime="20231117 13:33:51.180"/>
</kw>
<kw name="Login Page Should Be Open" library="resource">
<kw name="Title Should Be" library="SeleniumLibrary">
<arg>Login</arg>
<doc>Verifies that the current page title equals ``title``.</doc>
<msg timestamp="20231117 13:33:51.686" level="INFO">Page title is 'Login'.</msg>
<status status="PASS" starttime="20231117 13:33:51.181" endtime="20231117 13:33:51.686"/>
</kw>
<status status="PASS" starttime="20231117 13:33:51.180" endtime="20231117 13:33:51.686"/>
</kw>
<status status="PASS" starttime="20231117 13:33:48.739" endtime="20231117 13:33:51.686"/>
</test>
<test id="s1-s1-t2" name="Click Register Link" line="12">
<kw name="Go To Starting Page" library="resource" type="SETUP">
<kw name="Go To" library="SeleniumLibrary">
<arg>${HOME_URL}</arg>
<doc>Navigates the current browser window to the provided ``url``.</doc>
<msg timestamp="20231117 13:33:51.686" level="INFO">Opening url 'http://localhost:5001'</msg>
<status status="PASS" starttime="20231117 13:33:51.686" endtime="20231117 13:33:52.210"/>
</kw>
<status status="PASS" starttime="20231117 13:33:51.686" endtime="20231117 13:33:52.210"/>
</kw>
<kw name="Click Link" library="SeleniumLibrary">
<arg>Register new user</arg>
<doc>Clicks a link identified by ``locator``.</doc>
<msg timestamp="20231117 13:33:52.210" level="INFO">Clicking link 'Register new user'.</msg>
<status status="PASS" starttime="20231117 13:33:52.210" endtime="20231117 13:33:53.779"/>
</kw>
<kw name="Register Page Should Be Open" library="resource">
<kw name="Title Should Be" library="SeleniumLibrary">
<arg>Register</arg>
<doc>Verifies that the current page title equals ``title``.</doc>
<msg timestamp="20231117 13:33:54.286" level="INFO">Page title is 'Register'.</msg>
<status status="PASS" starttime="20231117 13:33:53.779" endtime="20231117 13:33:54.286"/>
</kw>
<status status="PASS" starttime="20231117 13:33:53.779" endtime="20231117 13:33:54.286"/>
</kw>
<status status="PASS" starttime="20231117 13:33:51.686" endtime="20231117 13:33:54.286"/>
</test>
<kw name="Close Browser" library="SeleniumLibrary" type="TEARDOWN">
<doc>Closes the current browser.</doc>
<status status="PASS" starttime="20231117 13:33:54.286" endtime="20231117 13:33:58.303"/>
</kw>
<status status="PASS" starttime="20231117 13:33:44.778" endtime="20231117 13:33:58.303"/>
</suite>
<suite id="s1-s2" name="Login" source="C:\Users\Valts\Documents\Palautusrepositorio\viikko3\web-login\src\tests\login.robot">
<kw name="Open And Configure Browser" library="resource" type="SETUP">
<kw name="Evaluate" library="BuiltIn">
<var>${options}</var>
<arg>sys.modules['selenium.webdriver'].ChromeOptions()</arg>
<arg>sys</arg>
<doc>Evaluates the given expression in Python and returns the result.</doc>
<msg timestamp="20231117 13:33:58.315" level="INFO">${options} = &lt;selenium.webdriver.chrome.options.Options object at 0x000001D893CEA6D0&gt;</msg>
<status status="PASS" starttime="20231117 13:33:58.303" endtime="20231117 13:33:58.315"/>
</kw>
<kw name="Call Method" library="BuiltIn">
<arg>${options}</arg>
<arg>add_argument</arg>
<arg>--no-sandbox</arg>
<doc>Calls the named method of the given object with the provided arguments.</doc>
<status status="PASS" starttime="20231117 13:33:58.315" endtime="20231117 13:33:58.316"/>
</kw>
<kw name="Open Browser" library="SeleniumLibrary">
<arg>browser=chrome</arg>
<arg>options=${options}</arg>
<doc>Opens a new browser instance to the optional ``url``.</doc>
<msg timestamp="20231117 13:33:58.316" level="INFO">Opening browser 'chrome' to base url 'None'.</msg>
<status status="PASS" starttime="20231117 13:33:58.316" endtime="20231117 13:34:00.133"/>
</kw>
<kw name="Set Selenium Speed" library="SeleniumLibrary">
<arg>${DELAY}</arg>
<doc>Sets the delay that is waited after each Selenium command.</doc>
<status status="PASS" starttime="20231117 13:34:00.134" endtime="20231117 13:34:00.134"/>
</kw>
<status status="PASS" starttime="20231117 13:33:58.303" endtime="20231117 13:34:00.135"/>
</kw>
<test id="s1-s2-t1" name="Login With Correct Credentials" line="8">
<kw name="Create User And Go To Login Page" type="SETUP">
<kw name="Create User" library="AppLibrary">
<arg>kalle</arg>
<arg>kalle123</arg>
<status status="PASS" starttime="20231117 13:34:00.138" endtime="20231117 13:34:06.258"/>
</kw>
<kw name="Go To Login Page" library="resource">
<kw name="Go To" library="SeleniumLibrary">
<arg>${LOGIN_URL}</arg>
<doc>Navigates the current browser window to the provided ``url``.</doc>
<msg timestamp="20231117 13:34:06.260" level="INFO">Opening url 'http://localhost:5001/login'</msg>
<status status="PASS" starttime="20231117 13:34:06.258" endtime="20231117 13:34:07.111"/>
</kw>
<status status="PASS" starttime="20231117 13:34:06.258" endtime="20231117 13:34:07.111"/>
</kw>
<kw name="Login Page Should Be Open" library="resource">
<kw name="Title Should Be" library="SeleniumLibrary">
<arg>Login</arg>
<doc>Verifies that the current page title equals ``title``.</doc>
<msg timestamp="20231117 13:34:07.620" level="INFO">Page title is 'Login'.</msg>
<status status="PASS" starttime="20231117 13:34:07.111" endtime="20231117 13:34:07.620"/>
</kw>
<status status="PASS" starttime="20231117 13:34:07.111" endtime="20231117 13:34:07.620"/>
</kw>
<status status="PASS" starttime="20231117 13:34:00.137" endtime="20231117 13:34:07.620"/>
</kw>
<kw name="Set Username">
<arg>kalle</arg>
<kw name="Input Text" library="SeleniumLibrary">
<arg>username</arg>
<arg>${username}</arg>
<doc>Types the given ``text`` into the text field identified by ``locator``.</doc>
<msg timestamp="20231117 13:34:07.620" level="INFO">Typing text 'kalle' into text field 'username'.</msg>
<status status="PASS" starttime="20231117 13:34:07.620" endtime="20231117 13:34:09.221"/>
</kw>
<status status="PASS" starttime="20231117 13:34:07.620" endtime="20231117 13:34:09.221"/>
</kw>
<kw name="Set Password">
<arg>kalle123</arg>
<kw name="Input Password" library="SeleniumLibrary">
<arg>password</arg>
<arg>${password}</arg>
<doc>Types the given password into the text field identified by ``locator``.</doc>
<msg timestamp="20231117 13:34:09.222" level="INFO">Typing password into text field 'password'.</msg>
<msg timestamp="20231117 13:34:10.256" level="INFO">Temporally setting log level to: NONE</msg>
<msg timestamp="20231117 13:34:10.797" level="INFO">Log level changed from NONE to INFO.</msg>
<status status="PASS" starttime="20231117 13:34:09.222" endtime="20231117 13:34:10.797"/>
</kw>
<status status="PASS" starttime="20231117 13:34:09.222" endtime="20231117 13:34:10.797"/>
</kw>
<kw name="Submit Credentials">
<kw name="Click Button" library="SeleniumLibrary">
<arg>Login</arg>
<doc>Clicks the button identified by ``locator``.</doc>
<msg timestamp="20231117 13:34:10.797" level="INFO">Clicking button 'Login'.</msg>
<status status="PASS" starttime="20231117 13:34:10.797" endtime="20231117 13:34:13.190"/>
</kw>
<status status="PASS" starttime="20231117 13:34:10.797" endtime="20231117 13:34:13.190"/>
</kw>
<kw name="Login Should Succeed">
<kw name="Main Page Should Be Open" library="resource">
<kw name="Title Should Be" library="SeleniumLibrary">
<arg>Ohtu Application main page</arg>
<doc>Verifies that the current page title equals ``title``.</doc>
<msg timestamp="20231117 13:34:13.698" level="INFO">Page title is 'Ohtu Application main page'.</msg>
<status status="PASS" starttime="20231117 13:34:13.192" endtime="20231117 13:34:13.699"/>
</kw>
<status status="PASS" starttime="20231117 13:34:13.191" endtime="20231117 13:34:13.699"/>
</kw>
<status status="PASS" starttime="20231117 13:34:13.191" endtime="20231117 13:34:13.699"/>
</kw>
<status status="PASS" starttime="20231117 13:34:00.135" endtime="20231117 13:34:13.700"/>
</test>
<test id="s1-s2-t2" name="Login With Incorrect Password" line="14">
<kw name="Create User And Go To Login Page" type="SETUP">
<kw name="Create User" library="AppLibrary">
<arg>kalle</arg>
<arg>kalle123</arg>
<status status="PASS" starttime="20231117 13:34:13.703" endtime="20231117 13:34:19.821"/>
</kw>
<kw name="Go To Login Page" library="resource">
<kw name="Go To" library="SeleniumLibrary">
<arg>${LOGIN_URL}</arg>
<doc>Navigates the current browser window to the provided ``url``.</doc>
<msg timestamp="20231117 13:34:19.822" level="INFO">Opening url 'http://localhost:5001/login'</msg>
<status status="PASS" starttime="20231117 13:34:19.821" endtime="20231117 13:34:20.661"/>
</kw>
<status status="PASS" starttime="20231117 13:34:19.821" endtime="20231117 13:34:20.661"/>
</kw>
<kw name="Login Page Should Be Open" library="resource">
<kw name="Title Should Be" library="SeleniumLibrary">
<arg>Login</arg>
<doc>Verifies that the current page title equals ``title``.</doc>
<msg timestamp="20231117 13:34:21.167" level="INFO">Page title is 'Login'.</msg>
<status status="PASS" starttime="20231117 13:34:20.661" endtime="20231117 13:34:21.167"/>
</kw>
<status status="PASS" starttime="20231117 13:34:20.661" endtime="20231117 13:34:21.167"/>
</kw>
<status status="PASS" starttime="20231117 13:34:13.702" endtime="20231117 13:34:21.167"/>
</kw>
<kw name="Set Username">
<arg>kalle</arg>
<kw name="Input Text" library="SeleniumLibrary">
<arg>username</arg>
<arg>${username}</arg>
<doc>Types the given ``text`` into the text field identified by ``locator``.</doc>
<msg timestamp="20231117 13:34:21.169" level="INFO">Typing text 'kalle' into text field 'username'.</msg>
<status status="PASS" starttime="20231117 13:34:21.168" endtime="20231117 13:34:22.738"/>
</kw>
<status status="PASS" starttime="20231117 13:34:21.167" endtime="20231117 13:34:22.738"/>
</kw>
<kw name="Set Password">
<arg>kalle456</arg>
<kw name="Input Password" library="SeleniumLibrary">
<arg>password</arg>
<arg>${password}</arg>
<doc>Types the given password into the text field identified by ``locator``.</doc>
<msg timestamp="20231117 13:34:22.738" level="INFO">Typing password into text field 'password'.</msg>
<msg timestamp="20231117 13:34:23.770" level="INFO">Temporally setting log level to: NONE</msg>
<msg timestamp="20231117 13:34:24.312" level="INFO">Log level changed from NONE to INFO.</msg>
<status status="PASS" starttime="20231117 13:34:22.738" endtime="20231117 13:34:24.312"/>
</kw>
<status status="PASS" starttime="20231117 13:34:22.738" endtime="20231117 13:34:24.312"/>
</kw>
<kw name="Submit Credentials">
<kw name="Click Button" library="SeleniumLibrary">
<arg>Login</arg>
<doc>Clicks the button identified by ``locator``.</doc>
<msg timestamp="20231117 13:34:24.312" level="INFO">Clicking button 'Login'.</msg>
<status status="PASS" starttime="20231117 13:34:24.312" endtime="20231117 13:34:26.381"/>
</kw>
<status status="PASS" starttime="20231117 13:34:24.312" endtime="20231117 13:34:26.381"/>
</kw>
<kw name="Login Should Fail With Message">
<arg>Invalid username or password</arg>
<kw name="Login Page Should Be Open" library="resource">
<kw name="Title Should Be" library="SeleniumLibrary">
<arg>Login</arg>
<doc>Verifies that the current page title equals ``title``.</doc>
<msg timestamp="20231117 13:34:26.887" level="INFO">Page title is 'Login'.</msg>
<status status="PASS" starttime="20231117 13:34:26.381" endtime="20231117 13:34:26.887"/>
</kw>
<status status="PASS" starttime="20231117 13:34:26.381" endtime="20231117 13:34:26.887"/>
</kw>
<kw name="Page Should Contain" library="SeleniumLibrary">
<arg>${message}</arg>
<doc>Verifies that current page contains ``text``.</doc>
<msg timestamp="20231117 13:34:27.903" level="INFO">Current page contains text 'Invalid username or password'.</msg>
<status status="PASS" starttime="20231117 13:34:26.887" endtime="20231117 13:34:27.903"/>
</kw>
<status status="PASS" starttime="20231117 13:34:26.381" endtime="20231117 13:34:27.903"/>
</kw>
<status status="PASS" starttime="20231117 13:34:13.701" endtime="20231117 13:34:27.903"/>
</test>
<kw name="Close Browser" library="SeleniumLibrary" type="TEARDOWN">
<doc>Closes the current browser.</doc>
<status status="PASS" starttime="20231117 13:34:27.903" endtime="20231117 13:34:30.548"/>
</kw>
<status status="PASS" starttime="20231117 13:33:58.303" endtime="20231117 13:34:30.548"/>
</suite>
<status status="PASS" starttime="20231117 13:33:44.756" endtime="20231117 13:34:30.548"/>
</suite>
<statistics>
<total>
<stat pass="4" fail="0" skip="0">All Tests</stat>
</total>
<tag>
</tag>
<suite>
<stat pass="4" fail="0" skip="0" id="s1" name="Tests">Tests</stat>
<stat pass="2" fail="0" skip="0" id="s1-s1" name="Home">Tests.Home</stat>
<stat pass="2" fail="0" skip="0" id="s1-s2" name="Login">Tests.Login</stat>
</suite>
</statistics>
<errors>
</errors>
</robot>
