<?xml version="1.0" encoding="UTF-8"?>
<robot generator="Robot 6.1.1 (Python 3.11.0 on win32)" generated="20231117 14:53:31.239" rpa="false" schemaversion="4">
<suite id="s1" name="Tests" source="C:\Users\Valts\Documents\Palautusrepositorio\viikko3\web-login\src\tests">
<suite id="s1-s1" name="Home" source="C:\Users\Valts\Documents\Palautusrepositorio\viikko3\web-login\src\tests\home.robot">
<kw name="Open And Configure Browser" library="resource" type="SETUP">
<kw name="Evaluate" library="BuiltIn">
<var>${options}</var>
<arg>sys.modules['selenium.webdriver'].ChromeOptions()</arg>
<arg>sys</arg>
<doc>Evaluates the given expression in Python and returns the result.</doc>
<msg timestamp="20231117 14:53:34.212" level="INFO">${options} = &lt;selenium.webdriver.chrome.options.Options object at 0x000001B424C66B50&gt;</msg>
<status status="PASS" starttime="20231117 14:53:34.212" endtime="20231117 14:53:34.212"/>
</kw>
<kw name="Call Method" library="BuiltIn">
<arg>${options}</arg>
<arg>add_argument</arg>
<arg>--no-sandbox</arg>
<doc>Calls the named method of the given object with the provided arguments.</doc>
<status status="PASS" starttime="20231117 14:53:34.212" endtime="20231117 14:53:34.212"/>
</kw>
<kw name="Call Method" library="BuiltIn">
<arg>${options}</arg>
<arg>add_argument</arg>
<arg>--headless</arg>
<doc>Calls the named method of the given object with the provided arguments.</doc>
<status status="PASS" starttime="20231117 14:53:34.212" endtime="20231117 14:53:34.212"/>
</kw>
<kw name="Open Browser" library="SeleniumLibrary">
<arg>browser=chrome</arg>
<arg>options=${options}</arg>
<doc>Opens a new browser instance to the optional ``url``.</doc>
<msg timestamp="20231117 14:53:34.218" level="INFO">Opening browser 'chrome' to base url 'None'.</msg>
<status status="PASS" starttime="20231117 14:53:34.212" endtime="20231117 14:53:36.193"/>
</kw>
<kw name="Set Selenium Speed" library="SeleniumLibrary">
<arg>${DELAY}</arg>
<doc>Sets the delay that is waited after each Selenium command.</doc>
<status status="PASS" starttime="20231117 14:53:36.197" endtime="20231117 14:53:36.197"/>
</kw>
<status status="PASS" starttime="20231117 14:53:34.212" endtime="20231117 14:53:36.197"/>
</kw>
<test id="s1-s1-t1" name="Click Login Link" line="8">
<kw name="Go To Starting Page" library="resource" type="SETUP">
<kw name="Go To" library="SeleniumLibrary">
<arg>${HOME_URL}</arg>
<doc>Navigates the current browser window to the provided ``url``.</doc>
<msg timestamp="20231117 14:53:36.202" level="INFO">Opening url 'http://localhost:5001'</msg>
<status status="PASS" starttime="20231117 14:53:36.201" endtime="20231117 14:53:36.588"/>
</kw>
<status status="PASS" starttime="20231117 14:53:36.201" endtime="20231117 14:53:36.589"/>
</kw>
<kw name="Click Link" library="SeleniumLibrary">
<arg>Login</arg>
<doc>Clicks a link identified by ``locator``.</doc>
<msg timestamp="20231117 14:53:36.594" level="INFO">Clicking link 'Login'.</msg>
<status status="PASS" starttime="20231117 14:53:36.592" endtime="20231117 14:53:36.850"/>
</kw>
<kw name="Login Page Should Be Open" library="resource">
<kw name="Title Should Be" library="SeleniumLibrary">
<arg>Login</arg>
<doc>Verifies that the current page title equals ``title``.</doc>
<msg timestamp="20231117 14:53:36.860" level="INFO">Page title is 'Login'.</msg>
<status status="PASS" starttime="20231117 14:53:36.852" endtime="20231117 14:53:36.861"/>
</kw>
<status status="PASS" starttime="20231117 14:53:36.851" endtime="20231117 14:53:36.861"/>
</kw>
<status status="PASS" starttime="20231117 14:53:36.198" endtime="20231117 14:53:36.861"/>
</test>
<test id="s1-s1-t2" name="Click Register Link" line="12">
<kw name="Go To Starting Page" library="resource" type="SETUP">
<kw name="Go To" library="SeleniumLibrary">
<arg>${HOME_URL}</arg>
<doc>Navigates the current browser window to the provided ``url``.</doc>
<msg timestamp="20231117 14:53:36.866" level="INFO">Opening url 'http://localhost:5001'</msg>
<status status="PASS" starttime="20231117 14:53:36.865" endtime="20231117 14:53:37.093"/>
</kw>
<status status="PASS" starttime="20231117 14:53:36.865" endtime="20231117 14:53:37.093"/>
</kw>
<kw name="Click Link" library="SeleniumLibrary">
<arg>Register new user</arg>
<doc>Clicks a link identified by ``locator``.</doc>
<msg timestamp="20231117 14:53:37.095" level="INFO">Clicking link 'Register new user'.</msg>
<status status="PASS" starttime="20231117 14:53:37.094" endtime="20231117 14:53:37.207"/>
</kw>
<kw name="Register Page Should Be Open" library="resource">
<kw name="Title Should Be" library="SeleniumLibrary">
<arg>Register</arg>
<doc>Verifies that the current page title equals ``title``.</doc>
<msg timestamp="20231117 14:53:37.217" level="INFO">Page title is 'Register'.</msg>
<status status="PASS" starttime="20231117 14:53:37.209" endtime="20231117 14:53:37.217"/>
</kw>
<status status="PASS" starttime="20231117 14:53:37.208" endtime="20231117 14:53:37.218"/>
</kw>
<status status="PASS" starttime="20231117 14:53:36.864" endtime="20231117 14:53:37.218"/>
</test>
<kw name="Close Browser" library="SeleniumLibrary" type="TEARDOWN">
<doc>Closes the current browser.</doc>
<status status="PASS" starttime="20231117 14:53:37.221" endtime="20231117 14:53:39.366"/>
</kw>
<status status="PASS" starttime="20231117 14:53:31.317" endtime="20231117 14:53:39.366"/>
</suite>
<suite id="s1-s2" name="Login" source="C:\Users\Valts\Documents\Palautusrepositorio\viikko3\web-login\src\tests\login.robot">
<kw name="Open And Configure Browser" library="resource" type="SETUP">
<kw name="Evaluate" library="BuiltIn">
<var>${options}</var>
<arg>sys.modules['selenium.webdriver'].ChromeOptions()</arg>
<arg>sys</arg>
<doc>Evaluates the given expression in Python and returns the result.</doc>
<msg timestamp="20231117 14:53:39.382" level="INFO">${options} = &lt;selenium.webdriver.chrome.options.Options object at 0x000001B42492A410&gt;</msg>
<status status="PASS" starttime="20231117 14:53:39.366" endtime="20231117 14:53:39.382"/>
</kw>
<kw name="Call Method" library="BuiltIn">
<arg>${options}</arg>
<arg>add_argument</arg>
<arg>--no-sandbox</arg>
<doc>Calls the named method of the given object with the provided arguments.</doc>
<status status="PASS" starttime="20231117 14:53:39.382" endtime="20231117 14:53:39.382"/>
</kw>
<kw name="Call Method" library="BuiltIn">
<arg>${options}</arg>
<arg>add_argument</arg>
<arg>--headless</arg>
<doc>Calls the named method of the given object with the provided arguments.</doc>
<status status="PASS" starttime="20231117 14:53:39.384" endtime="20231117 14:53:39.384"/>
</kw>
<kw name="Open Browser" library="SeleniumLibrary">
<arg>browser=chrome</arg>
<arg>options=${options}</arg>
<doc>Opens a new browser instance to the optional ``url``.</doc>
<msg timestamp="20231117 14:53:39.385" level="INFO">Opening browser 'chrome' to base url 'None'.</msg>
<status status="PASS" starttime="20231117 14:53:39.384" endtime="20231117 14:53:41.337"/>
</kw>
<kw name="Set Selenium Speed" library="SeleniumLibrary">
<arg>${DELAY}</arg>
<doc>Sets the delay that is waited after each Selenium command.</doc>
<status status="PASS" starttime="20231117 14:53:41.337" endtime="20231117 14:53:41.337"/>
</kw>
<status status="PASS" starttime="20231117 14:53:39.366" endtime="20231117 14:53:41.337"/>
</kw>
<test id="s1-s2-t1" name="Login With Correct Credentials" line="8">
<kw name="Create User And Go To Login Page" type="SETUP">
<kw name="Create User" library="AppLibrary">
<arg>kalle</arg>
<arg>kalle123</arg>
<status status="PASS" starttime="20231117 14:53:41.337" endtime="20231117 14:53:47.940"/>
</kw>
<kw name="Go To Login Page" library="resource">
<kw name="Go To" library="SeleniumLibrary">
<arg>${LOGIN_URL}</arg>
<doc>Navigates the current browser window to the provided ``url``.</doc>
<msg timestamp="20231117 14:53:47.941" level="INFO">Opening url 'http://localhost:5001/login'</msg>
<status status="PASS" starttime="20231117 14:53:47.940" endtime="20231117 14:53:48.363"/>
</kw>
<status status="PASS" starttime="20231117 14:53:47.940" endtime="20231117 14:53:48.363"/>
</kw>
<kw name="Login Page Should Be Open" library="resource">
<kw name="Title Should Be" library="SeleniumLibrary">
<arg>Login</arg>
<doc>Verifies that the current page title equals ``title``.</doc>
<msg timestamp="20231117 14:53:48.373" level="INFO">Page title is 'Login'.</msg>
<status status="PASS" starttime="20231117 14:53:48.364" endtime="20231117 14:53:48.373"/>
</kw>
<status status="PASS" starttime="20231117 14:53:48.364" endtime="20231117 14:53:48.374"/>
</kw>
<status status="PASS" starttime="20231117 14:53:41.337" endtime="20231117 14:53:48.374"/>
</kw>
<kw name="Set Username">
<arg>kalle</arg>
<kw name="Input Text" library="SeleniumLibrary">
<arg>username</arg>
<arg>${username}</arg>
<doc>Types the given ``text`` into the text field identified by ``locator``.</doc>
<msg timestamp="20231117 14:53:48.376" level="INFO">Typing text 'kalle' into text field 'username'.</msg>
<status status="PASS" starttime="20231117 14:53:48.375" endtime="20231117 14:53:48.559"/>
</kw>
<status status="PASS" starttime="20231117 14:53:48.374" endtime="20231117 14:53:48.559"/>
</kw>
<kw name="Set Password">
<arg>kalle123</arg>
<kw name="Input Password" library="SeleniumLibrary">
<arg>password</arg>
<arg>${password}</arg>
<doc>Types the given password into the text field identified by ``locator``.</doc>
<msg timestamp="20231117 14:53:48.561" level="INFO">Typing password into text field 'password'.</msg>
<msg timestamp="20231117 14:53:48.623" level="INFO">Temporally setting log level to: NONE</msg>
<msg timestamp="20231117 14:53:48.692" level="INFO">Log level changed from NONE to INFO.</msg>
<status status="PASS" starttime="20231117 14:53:48.560" endtime="20231117 14:53:48.693"/>
</kw>
<status status="PASS" starttime="20231117 14:53:48.560" endtime="20231117 14:53:48.693"/>
</kw>
<kw name="Submit Credentials">
<kw name="Click Button" library="SeleniumLibrary">
<arg>Login</arg>
<doc>Clicks the button identified by ``locator``.</doc>
<msg timestamp="20231117 14:53:48.695" level="INFO">Clicking button 'Login'.</msg>
<status status="PASS" starttime="20231117 14:53:48.694" endtime="20231117 14:53:49.135"/>
</kw>
<status status="PASS" starttime="20231117 14:53:48.694" endtime="20231117 14:53:49.136"/>
</kw>
<kw name="Login Should Succeed">
<kw name="Main Page Should Be Open" library="resource">
<kw name="Title Should Be" library="SeleniumLibrary">
<arg>Ohtu Application main page</arg>
<doc>Verifies that the current page title equals ``title``.</doc>
<msg timestamp="20231117 14:53:49.148" level="INFO">Page title is 'Ohtu Application main page'.</msg>
<status status="PASS" starttime="20231117 14:53:49.137" endtime="20231117 14:53:49.148"/>
</kw>
<status status="PASS" starttime="20231117 14:53:49.137" endtime="20231117 14:53:49.148"/>
</kw>
<status status="PASS" starttime="20231117 14:53:49.136" endtime="20231117 14:53:49.148"/>
</kw>
<status status="PASS" starttime="20231117 14:53:41.337" endtime="20231117 14:53:49.149"/>
</test>
<test id="s1-s2-t2" name="Login With Incorrect Password" line="14">
<kw name="Create User And Go To Login Page" type="SETUP">
<kw name="Create User" library="AppLibrary">
<arg>kalle</arg>
<arg>kalle123</arg>
<status status="PASS" starttime="20231117 14:53:49.153" endtime="20231117 14:53:55.546"/>
</kw>
<kw name="Go To Login Page" library="resource">
<kw name="Go To" library="SeleniumLibrary">
<arg>${LOGIN_URL}</arg>
<doc>Navigates the current browser window to the provided ``url``.</doc>
<msg timestamp="20231117 14:53:55.546" level="INFO">Opening url 'http://localhost:5001/login'</msg>
<status status="PASS" starttime="20231117 14:53:55.546" endtime="20231117 14:53:55.564"/>
</kw>
<status status="PASS" starttime="20231117 14:53:55.546" endtime="20231117 14:53:55.564"/>
</kw>
<kw name="Login Page Should Be Open" library="resource">
<kw name="Title Should Be" library="SeleniumLibrary">
<arg>Login</arg>
<doc>Verifies that the current page title equals ``title``.</doc>
<msg timestamp="20231117 14:53:55.571" level="INFO">Page title is 'Login'.</msg>
<status status="PASS" starttime="20231117 14:53:55.564" endtime="20231117 14:53:55.571"/>
</kw>
<status status="PASS" starttime="20231117 14:53:55.564" endtime="20231117 14:53:55.571"/>
</kw>
<status status="PASS" starttime="20231117 14:53:49.152" endtime="20231117 14:53:55.571"/>
</kw>
<kw name="Set Username">
<arg>kalle</arg>
<kw name="Input Text" library="SeleniumLibrary">
<arg>username</arg>
<arg>${username}</arg>
<doc>Types the given ``text`` into the text field identified by ``locator``.</doc>
<msg timestamp="20231117 14:53:55.574" level="INFO">Typing text 'kalle' into text field 'username'.</msg>
<status status="PASS" starttime="20231117 14:53:55.573" endtime="20231117 14:53:55.698"/>
</kw>
<status status="PASS" starttime="20231117 14:53:55.572" endtime="20231117 14:53:55.698"/>
</kw>
<kw name="Set Password">
<arg>kalle456</arg>
<kw name="Input Password" library="SeleniumLibrary">
<arg>password</arg>
<arg>${password}</arg>
<doc>Types the given password into the text field identified by ``locator``.</doc>
<msg timestamp="20231117 14:53:55.700" level="INFO">Typing password into text field 'password'.</msg>
<msg timestamp="20231117 14:53:55.751" level="INFO">Temporally setting log level to: NONE</msg>
<msg timestamp="20231117 14:53:55.824" level="INFO">Log level changed from NONE to INFO.</msg>
<status status="PASS" starttime="20231117 14:53:55.699" endtime="20231117 14:53:55.824"/>
</kw>
<status status="PASS" starttime="20231117 14:53:55.699" endtime="20231117 14:53:55.824"/>
</kw>
<kw name="Submit Credentials">
<kw name="Click Button" library="SeleniumLibrary">
<arg>Login</arg>
<doc>Clicks the button identified by ``locator``.</doc>
<msg timestamp="20231117 14:53:55.827" level="INFO">Clicking button 'Login'.</msg>
<status status="PASS" starttime="20231117 14:53:55.826" endtime="20231117 14:53:56.481"/>
</kw>
<status status="PASS" starttime="20231117 14:53:55.825" endtime="20231117 14:53:56.481"/>
</kw>
<kw name="Login Should Fail With Message">
<arg>Invalid username or password</arg>
<kw name="Login Page Should Be Open" library="resource">
<kw name="Title Should Be" library="SeleniumLibrary">
<arg>Login</arg>
<doc>Verifies that the current page title equals ``title``.</doc>
<msg timestamp="20231117 14:53:56.490" level="INFO">Page title is 'Login'.</msg>
<status status="PASS" starttime="20231117 14:53:56.484" endtime="20231117 14:53:56.490"/>
</kw>
<status status="PASS" starttime="20231117 14:53:56.483" endtime="20231117 14:53:56.490"/>
</kw>
<kw name="Page Should Contain" library="SeleniumLibrary">
<arg>${message}</arg>
<doc>Verifies that current page contains ``text``.</doc>
<msg timestamp="20231117 14:53:56.520" level="INFO">Current page contains text 'Invalid username or password'.</msg>
<status status="PASS" starttime="20231117 14:53:56.490" endtime="20231117 14:53:56.520"/>
</kw>
<status status="PASS" starttime="20231117 14:53:56.482" endtime="20231117 14:53:56.520"/>
</kw>
<status status="PASS" starttime="20231117 14:53:49.151" endtime="20231117 14:53:56.521"/>
</test>
<test id="s1-s2-t3" name="Login With Nonexistent Username" line="20">
<kw name="Create User And Go To Login Page" type="SETUP">
<kw name="Create User" library="AppLibrary">
<arg>kalle</arg>
<arg>kalle123</arg>
<status status="PASS" starttime="20231117 14:53:56.524" endtime="20231117 14:54:02.990"/>
</kw>
<kw name="Go To Login Page" library="resource">
<kw name="Go To" library="SeleniumLibrary">
<arg>${LOGIN_URL}</arg>
<doc>Navigates the current browser window to the provided ``url``.</doc>
<msg timestamp="20231117 14:54:02.991" level="INFO">Opening url 'http://localhost:5001/login'</msg>
<status status="PASS" starttime="20231117 14:54:02.991" endtime="20231117 14:54:03.009"/>
</kw>
<status status="PASS" starttime="20231117 14:54:02.991" endtime="20231117 14:54:03.010"/>
</kw>
<kw name="Login Page Should Be Open" library="resource">
<kw name="Title Should Be" library="SeleniumLibrary">
<arg>Login</arg>
<doc>Verifies that the current page title equals ``title``.</doc>
<msg timestamp="20231117 14:54:03.016" level="INFO">Page title is 'Login'.</msg>
<status status="PASS" starttime="20231117 14:54:03.010" endtime="20231117 14:54:03.017"/>
</kw>
<status status="PASS" starttime="20231117 14:54:03.010" endtime="20231117 14:54:03.017"/>
</kw>
<status status="PASS" starttime="20231117 14:53:56.523" endtime="20231117 14:54:03.017"/>
</kw>
<kw name="Set Username">
<arg>mikko</arg>
<kw name="Input Text" library="SeleniumLibrary">
<arg>username</arg>
<arg>${username}</arg>
<doc>Types the given ``text`` into the text field identified by ``locator``.</doc>
<msg timestamp="20231117 14:54:03.019" level="INFO">Typing text 'mikko' into text field 'username'.</msg>
<status status="PASS" starttime="20231117 14:54:03.018" endtime="20231117 14:54:03.136"/>
</kw>
<status status="PASS" starttime="20231117 14:54:03.018" endtime="20231117 14:54:03.137"/>
</kw>
<kw name="Set Password">
<arg>mikko123</arg>
<kw name="Input Password" library="SeleniumLibrary">
<arg>password</arg>
<arg>${password}</arg>
<doc>Types the given password into the text field identified by ``locator``.</doc>
<msg timestamp="20231117 14:54:03.138" level="INFO">Typing password into text field 'password'.</msg>
<msg timestamp="20231117 14:54:03.187" level="INFO">Temporally setting log level to: NONE</msg>
<msg timestamp="20231117 14:54:03.246" level="INFO">Log level changed from NONE to INFO.</msg>
<status status="PASS" starttime="20231117 14:54:03.138" endtime="20231117 14:54:03.246"/>
</kw>
<status status="PASS" starttime="20231117 14:54:03.137" endtime="20231117 14:54:03.246"/>
</kw>
<kw name="Submit Credentials">
<kw name="Click Button" library="SeleniumLibrary">
<arg>Login</arg>
<doc>Clicks the button identified by ``locator``.</doc>
<msg timestamp="20231117 14:54:03.248" level="INFO">Clicking button 'Login'.</msg>
<status status="PASS" starttime="20231117 14:54:03.247" endtime="20231117 14:54:03.887"/>
</kw>
<status status="PASS" starttime="20231117 14:54:03.247" endtime="20231117 14:54:03.887"/>
</kw>
<kw name="Login Should Fail With Message">
<arg>Invalid username or password</arg>
<kw name="Login Page Should Be Open" library="resource">
<kw name="Title Should Be" library="SeleniumLibrary">
<arg>Login</arg>
<doc>Verifies that the current page title equals ``title``.</doc>
<msg timestamp="20231117 14:54:03.895" level="INFO">Page title is 'Login'.</msg>
<status status="PASS" starttime="20231117 14:54:03.889" endtime="20231117 14:54:03.895"/>
</kw>
<status status="PASS" starttime="20231117 14:54:03.889" endtime="20231117 14:54:03.895"/>
</kw>
<kw name="Page Should Contain" library="SeleniumLibrary">
<arg>${message}</arg>
<doc>Verifies that current page contains ``text``.</doc>
<msg timestamp="20231117 14:54:03.915" level="INFO">Current page contains text 'Invalid username or password'.</msg>
<status status="PASS" starttime="20231117 14:54:03.896" endtime="20231117 14:54:03.915"/>
</kw>
<status status="PASS" starttime="20231117 14:54:03.888" endtime="20231117 14:54:03.915"/>
</kw>
<status status="PASS" starttime="20231117 14:53:56.522" endtime="20231117 14:54:03.916"/>
</test>
<kw name="Close Browser" library="SeleniumLibrary" type="TEARDOWN">
<doc>Closes the current browser.</doc>
<status status="PASS" starttime="20231117 14:54:03.918" endtime="20231117 14:54:06.088"/>
</kw>
<status status="PASS" starttime="20231117 14:53:39.366" endtime="20231117 14:54:06.089"/>
</suite>
<suite id="s1-s3" name="Register" source="C:\Users\Valts\Documents\Palautusrepositorio\viikko3\web-login\src\tests\register.robot">
<kw name="Open And Configure Browser" library="resource" type="SETUP">
<kw name="Evaluate" library="BuiltIn">
<var>${options}</var>
<arg>sys.modules['selenium.webdriver'].ChromeOptions()</arg>
<arg>sys</arg>
<doc>Evaluates the given expression in Python and returns the result.</doc>
<msg timestamp="20231117 14:54:06.104" level="INFO">${options} = &lt;selenium.webdriver.chrome.options.Options object at 0x000001B424C66850&gt;</msg>
<status status="PASS" starttime="20231117 14:54:06.104" endtime="20231117 14:54:06.104"/>
</kw>
<kw name="Call Method" library="BuiltIn">
<arg>${options}</arg>
<arg>add_argument</arg>
<arg>--no-sandbox</arg>
<doc>Calls the named method of the given object with the provided arguments.</doc>
<status status="PASS" starttime="20231117 14:54:06.104" endtime="20231117 14:54:06.104"/>
</kw>
<kw name="Call Method" library="BuiltIn">
<arg>${options}</arg>
<arg>add_argument</arg>
<arg>--headless</arg>
<doc>Calls the named method of the given object with the provided arguments.</doc>
<status status="PASS" starttime="20231117 14:54:06.104" endtime="20231117 14:54:06.106"/>
</kw>
<kw name="Open Browser" library="SeleniumLibrary">
<arg>browser=chrome</arg>
<arg>options=${options}</arg>
<doc>Opens a new browser instance to the optional ``url``.</doc>
<msg timestamp="20231117 14:54:06.106" level="INFO">Opening browser 'chrome' to base url 'None'.</msg>
<status status="PASS" starttime="20231117 14:54:06.106" endtime="20231117 14:54:08.084"/>
</kw>
<kw name="Set Selenium Speed" library="SeleniumLibrary">
<arg>${DELAY}</arg>
<doc>Sets the delay that is waited after each Selenium command.</doc>
<status status="PASS" starttime="20231117 14:54:08.084" endtime="20231117 14:54:08.085"/>
</kw>
<status status="PASS" starttime="20231117 14:54:06.091" endtime="20231117 14:54:08.085"/>
</kw>
<test id="s1-s3-t1" name="Register With Valid Username And Password" line="8">
<kw name="Reset App And Go To Register Page" library="resource" type="SETUP">
<kw name="Reset Application" library="AppLibrary">
<status status="PASS" starttime="20231117 14:54:08.087" endtime="20231117 14:54:12.140"/>
</kw>
<kw name="Go To" library="SeleniumLibrary">
<arg>${REGISTER_URL}</arg>
<doc>Navigates the current browser window to the provided ``url``.</doc>
<msg timestamp="20231117 14:54:12.140" level="INFO">Opening url 'http://localhost:5001/register'</msg>
<status status="PASS" starttime="20231117 14:54:12.140" endtime="20231117 14:54:12.551"/>
</kw>
<status status="PASS" starttime="20231117 14:54:08.086" endtime="20231117 14:54:12.551"/>
</kw>
<kw name="Set Username">
<arg>kalle</arg>
<kw name="Input Text" library="SeleniumLibrary">
<arg>username</arg>
<arg>${username}</arg>
<doc>Types the given ``text`` into the text field identified by ``locator``.</doc>
<msg timestamp="20231117 14:54:12.553" level="INFO">Typing text 'kalle' into text field 'username'.</msg>
<status status="PASS" starttime="20231117 14:54:12.552" endtime="20231117 14:54:12.727"/>
</kw>
<status status="PASS" starttime="20231117 14:54:12.552" endtime="20231117 14:54:12.727"/>
</kw>
<kw name="Set Password">
<arg>kalle1234</arg>
<kw name="Input Password" library="SeleniumLibrary">
<arg>password</arg>
<arg>${password}</arg>
<doc>Types the given password into the text field identified by ``locator``.</doc>
<msg timestamp="20231117 14:54:12.729" level="INFO">Typing password into text field 'password'.</msg>
<msg timestamp="20231117 14:54:12.787" level="INFO">Temporally setting log level to: NONE</msg>
<msg timestamp="20231117 14:54:12.853" level="INFO">Log level changed from NONE to INFO.</msg>
<status status="PASS" starttime="20231117 14:54:12.728" endtime="20231117 14:54:12.853"/>
</kw>
<status status="PASS" starttime="20231117 14:54:12.728" endtime="20231117 14:54:12.853"/>
</kw>
<kw name="Set Password Confirmation">
<arg>kalle1234</arg>
<kw name="Input Password" library="SeleniumLibrary">
<arg>password_confirmation</arg>
<arg>${password confirmation}</arg>
<doc>Types the given password into the text field identified by ``locator``.</doc>
<msg timestamp="20231117 14:54:12.856" level="INFO">Typing password into text field 'password_confirmation'.</msg>
<msg timestamp="20231117 14:54:12.915" level="INFO">Temporally setting log level to: NONE</msg>
<msg timestamp="20231117 14:54:12.979" level="INFO">Log level changed from NONE to INFO.</msg>
<status status="PASS" starttime="20231117 14:54:12.855" endtime="20231117 14:54:12.979"/>
</kw>
<status status="PASS" starttime="20231117 14:54:12.854" endtime="20231117 14:54:12.979"/>
</kw>
<kw name="Submit Credentials">
<kw name="Click Button" library="SeleniumLibrary">
<arg>Register</arg>
<doc>Clicks the button identified by ``locator``.</doc>
<msg timestamp="20231117 14:54:12.982" level="INFO">Clicking button 'Register'.</msg>
<status status="PASS" starttime="20231117 14:54:12.981" endtime="20231117 14:54:13.404"/>
</kw>
<status status="PASS" starttime="20231117 14:54:12.980" endtime="20231117 14:54:13.405"/>
</kw>
<kw name="Register Should Succeed">
<kw name="Welcome Page Should Be Open" library="resource">
<kw name="Title Should Be" library="SeleniumLibrary">
<arg>Welcome to Ohtu Application!</arg>
<doc>Verifies that the current page title equals ``title``.</doc>
<msg timestamp="20231117 14:54:13.416" level="INFO">Page title is 'Welcome to Ohtu Application!'.</msg>
<status status="PASS" starttime="20231117 14:54:13.407" endtime="20231117 14:54:13.416"/>
</kw>
<status status="PASS" starttime="20231117 14:54:13.406" endtime="20231117 14:54:13.416"/>
</kw>
<status status="PASS" starttime="20231117 14:54:13.405" endtime="20231117 14:54:13.416"/>
</kw>
<status status="PASS" starttime="20231117 14:54:08.085" endtime="20231117 14:54:13.417"/>
</test>
<test id="s1-s3-t2" name="Register With Too Short Username And Valid Password" line="15">
<kw name="Reset App And Go To Register Page" library="resource" type="SETUP">
<kw name="Reset Application" library="AppLibrary">
<status status="PASS" starttime="20231117 14:54:13.420" endtime="20231117 14:54:17.515"/>
</kw>
<kw name="Go To" library="SeleniumLibrary">
<arg>${REGISTER_URL}</arg>
<doc>Navigates the current browser window to the provided ``url``.</doc>
<msg timestamp="20231117 14:54:17.515" level="INFO">Opening url 'http://localhost:5001/register'</msg>
<status status="PASS" starttime="20231117 14:54:17.515" endtime="20231117 14:54:17.534"/>
</kw>
<status status="PASS" starttime="20231117 14:54:13.420" endtime="20231117 14:54:17.534"/>
</kw>
<kw name="Set Username">
<arg>ka</arg>
<kw name="Input Text" library="SeleniumLibrary">
<arg>username</arg>
<arg>${username}</arg>
<doc>Types the given ``text`` into the text field identified by ``locator``.</doc>
<msg timestamp="20231117 14:54:17.536" level="INFO">Typing text 'ka' into text field 'username'.</msg>
<status status="PASS" starttime="20231117 14:54:17.535" endtime="20231117 14:54:17.659"/>
</kw>
<status status="PASS" starttime="20231117 14:54:17.535" endtime="20231117 14:54:17.659"/>
</kw>
<kw name="Set Password">
<arg>kalle1234</arg>
<kw name="Input Password" library="SeleniumLibrary">
<arg>password</arg>
<arg>${password}</arg>
<doc>Types the given password into the text field identified by ``locator``.</doc>
<msg timestamp="20231117 14:54:17.662" level="INFO">Typing password into text field 'password'.</msg>
<msg timestamp="20231117 14:54:17.715" level="INFO">Temporally setting log level to: NONE</msg>
<msg timestamp="20231117 14:54:17.781" level="INFO">Log level changed from NONE to INFO.</msg>
<status status="PASS" starttime="20231117 14:54:17.661" endtime="20231117 14:54:17.781"/>
</kw>
<status status="PASS" starttime="20231117 14:54:17.660" endtime="20231117 14:54:17.781"/>
</kw>
<kw name="Set Password Confirmation">
<arg>kalle1234</arg>
<kw name="Input Password" library="SeleniumLibrary">
<arg>password_confirmation</arg>
<arg>${password confirmation}</arg>
<doc>Types the given password into the text field identified by ``locator``.</doc>
<msg timestamp="20231117 14:54:17.784" level="INFO">Typing password into text field 'password_confirmation'.</msg>
<msg timestamp="20231117 14:54:17.835" level="INFO">Temporally setting log level to: NONE</msg>
<msg timestamp="20231117 14:54:17.903" level="INFO">Log level changed from NONE to INFO.</msg>
<status status="PASS" starttime="20231117 14:54:17.783" endtime="20231117 14:54:17.903"/>
</kw>
<status status="PASS" starttime="20231117 14:54:17.782" endtime="20231117 14:54:17.903"/>
</kw>
<kw name="Submit Credentials">
<kw name="Click Button" library="SeleniumLibrary">
<arg>Register</arg>
<doc>Clicks the button identified by ``locator``.</doc>
<msg timestamp="20231117 14:54:17.905" level="INFO">Clicking button 'Register'.</msg>
<status status="PASS" starttime="20231117 14:54:17.904" endtime="20231117 14:54:18.573"/>
</kw>
<status status="PASS" starttime="20231117 14:54:17.904" endtime="20231117 14:54:18.574"/>
</kw>
<kw name="Register Should Fail With Message">
<arg>Password is valid but username is too short</arg>
<kw name="Register Page Should Be Open" library="resource">
<kw name="Title Should Be" library="SeleniumLibrary">
<arg>Register</arg>
<doc>Verifies that the current page title equals ``title``.</doc>
<msg timestamp="20231117 14:54:18.581" level="INFO">Page title is 'Register'.</msg>
<status status="PASS" starttime="20231117 14:54:18.575" endtime="20231117 14:54:18.581"/>
</kw>
<status status="PASS" starttime="20231117 14:54:18.575" endtime="20231117 14:54:18.581"/>
</kw>
<kw name="Page Should Contain" library="SeleniumLibrary">
<arg>${message}</arg>
<doc>Verifies that current page contains ``text``.</doc>
<msg timestamp="20231117 14:54:18.608" level="INFO">Current page contains text 'Password is valid but username is too short'.</msg>
<status status="PASS" starttime="20231117 14:54:18.582" endtime="20231117 14:54:18.608"/>
</kw>
<status status="PASS" starttime="20231117 14:54:18.574" endtime="20231117 14:54:18.609"/>
</kw>
<status status="PASS" starttime="20231117 14:54:13.419" endtime="20231117 14:54:18.609"/>
</test>
<test id="s1-s3-t3" name="Register With Valid Username And Invalid Password" line="23">
<kw name="Reset App And Go To Register Page" library="resource" type="SETUP">
<kw name="Reset Application" library="AppLibrary">
<status status="PASS" starttime="20231117 14:54:18.613" endtime="20231117 14:54:22.722"/>
</kw>
<kw name="Go To" library="SeleniumLibrary">
<arg>${REGISTER_URL}</arg>
<doc>Navigates the current browser window to the provided ``url``.</doc>
<msg timestamp="20231117 14:54:22.722" level="INFO">Opening url 'http://localhost:5001/register'</msg>
<status status="PASS" starttime="20231117 14:54:22.722" endtime="20231117 14:54:22.739"/>
</kw>
<status status="PASS" starttime="20231117 14:54:18.612" endtime="20231117 14:54:22.740"/>
</kw>
<kw name="Set Username">
<arg>kalle</arg>
<kw name="Input Text" library="SeleniumLibrary">
<arg>username</arg>
<arg>${username}</arg>
<doc>Types the given ``text`` into the text field identified by ``locator``.</doc>
<msg timestamp="20231117 14:54:22.742" level="INFO">Typing text 'kalle' into text field 'username'.</msg>
<status status="PASS" starttime="20231117 14:54:22.741" endtime="20231117 14:54:22.869"/>
</kw>
<status status="PASS" starttime="20231117 14:54:22.740" endtime="20231117 14:54:22.869"/>
</kw>
<kw name="Set Password">
<arg>kalleeee</arg>
<kw name="Input Password" library="SeleniumLibrary">
<arg>password</arg>
<arg>${password}</arg>
<doc>Types the given password into the text field identified by ``locator``.</doc>
<msg timestamp="20231117 14:54:22.871" level="INFO">Typing password into text field 'password'.</msg>
<msg timestamp="20231117 14:54:22.916" level="INFO">Temporally setting log level to: NONE</msg>
<msg timestamp="20231117 14:54:22.993" level="INFO">Log level changed from NONE to INFO.</msg>
<status status="PASS" starttime="20231117 14:54:22.870" endtime="20231117 14:54:22.993"/>
</kw>
<status status="PASS" starttime="20231117 14:54:22.870" endtime="20231117 14:54:22.993"/>
</kw>
<kw name="Set Password Confirmation">
<arg>kalleeee</arg>
<kw name="Input Password" library="SeleniumLibrary">
<arg>password_confirmation</arg>
<arg>${password confirmation}</arg>
<doc>Types the given password into the text field identified by ``locator``.</doc>
<msg timestamp="20231117 14:54:22.996" level="INFO">Typing password into text field 'password_confirmation'.</msg>
<msg timestamp="20231117 14:54:23.050" level="INFO">Temporally setting log level to: NONE</msg>
<msg timestamp="20231117 14:54:23.118" level="INFO">Log level changed from NONE to INFO.</msg>
<status status="PASS" starttime="20231117 14:54:22.995" endtime="20231117 14:54:23.118"/>
</kw>
<status status="PASS" starttime="20231117 14:54:22.994" endtime="20231117 14:54:23.118"/>
</kw>
<kw name="Submit Credentials">
<kw name="Click Button" library="SeleniumLibrary">
<arg>Register</arg>
<doc>Clicks the button identified by ``locator``.</doc>
<msg timestamp="20231117 14:54:23.121" level="INFO">Clicking button 'Register'.</msg>
<status status="PASS" starttime="20231117 14:54:23.120" endtime="20231117 14:54:23.777"/>
</kw>
<status status="PASS" starttime="20231117 14:54:23.119" endtime="20231117 14:54:23.777"/>
</kw>
<kw name="Register Should Fail With Message">
<arg>Username is valid but password can't contain only letters</arg>
<kw name="Register Page Should Be Open" library="resource">
<kw name="Title Should Be" library="SeleniumLibrary">
<arg>Register</arg>
<doc>Verifies that the current page title equals ``title``.</doc>
<msg timestamp="20231117 14:54:23.786" level="INFO">Page title is 'Register'.</msg>
<status status="PASS" starttime="20231117 14:54:23.779" endtime="20231117 14:54:23.786"/>
</kw>
<status status="PASS" starttime="20231117 14:54:23.778" endtime="20231117 14:54:23.786"/>
</kw>
<kw name="Page Should Contain" library="SeleniumLibrary">
<arg>${message}</arg>
<doc>Verifies that current page contains ``text``.</doc>
<msg timestamp="20231117 14:54:23.815" level="INFO">Current page contains text 'Username is valid but password can't contain only letters'.</msg>
<status status="PASS" starttime="20231117 14:54:23.786" endtime="20231117 14:54:23.815"/>
</kw>
<status status="PASS" starttime="20231117 14:54:23.778" endtime="20231117 14:54:23.815"/>
</kw>
<status status="PASS" starttime="20231117 14:54:18.611" endtime="20231117 14:54:23.816"/>
</test>
<test id="s1-s3-t4" name="Register With Nonmatching Password And Password Confirmation" line="30">
<kw name="Reset App And Go To Register Page" library="resource" type="SETUP">
<kw name="Reset Application" library="AppLibrary">
<status status="PASS" starttime="20231117 14:54:23.820" endtime="20231117 14:54:27.929"/>
</kw>
<kw name="Go To" library="SeleniumLibrary">
<arg>${REGISTER_URL}</arg>
<doc>Navigates the current browser window to the provided ``url``.</doc>
<msg timestamp="20231117 14:54:27.929" level="INFO">Opening url 'http://localhost:5001/register'</msg>
<status status="PASS" starttime="20231117 14:54:27.929" endtime="20231117 14:54:27.944"/>
</kw>
<status status="PASS" starttime="20231117 14:54:23.819" endtime="20231117 14:54:27.944"/>
</kw>
<kw name="Set Username">
<arg>kalle</arg>
<kw name="Input Text" library="SeleniumLibrary">
<arg>username</arg>
<arg>${username}</arg>
<doc>Types the given ``text`` into the text field identified by ``locator``.</doc>
<msg timestamp="20231117 14:54:27.947" level="INFO">Typing text 'kalle' into text field 'username'.</msg>
<status status="PASS" starttime="20231117 14:54:27.946" endtime="20231117 14:54:28.061"/>
</kw>
<status status="PASS" starttime="20231117 14:54:27.945" endtime="20231117 14:54:28.062"/>
</kw>
<kw name="Set Password">
<arg>kalle1234</arg>
<kw name="Input Password" library="SeleniumLibrary">
<arg>password</arg>
<arg>${password}</arg>
<doc>Types the given password into the text field identified by ``locator``.</doc>
<msg timestamp="20231117 14:54:28.064" level="INFO">Typing password into text field 'password'.</msg>
<msg timestamp="20231117 14:54:28.113" level="INFO">Temporally setting log level to: NONE</msg>
<msg timestamp="20231117 14:54:28.172" level="INFO">Log level changed from NONE to INFO.</msg>
<status status="PASS" starttime="20231117 14:54:28.063" endtime="20231117 14:54:28.172"/>
</kw>
<status status="PASS" starttime="20231117 14:54:28.062" endtime="20231117 14:54:28.172"/>
</kw>
<kw name="Set Password Confirmation">
<arg>kalle12345</arg>
<kw name="Input Password" library="SeleniumLibrary">
<arg>password_confirmation</arg>
<arg>${password confirmation}</arg>
<doc>Types the given password into the text field identified by ``locator``.</doc>
<msg timestamp="20231117 14:54:28.174" level="INFO">Typing password into text field 'password_confirmation'.</msg>
<msg timestamp="20231117 14:54:28.224" level="INFO">Temporally setting log level to: NONE</msg>
<msg timestamp="20231117 14:54:28.282" level="INFO">Log level changed from NONE to INFO.</msg>
<status status="PASS" starttime="20231117 14:54:28.173" endtime="20231117 14:54:28.283"/>
</kw>
<status status="PASS" starttime="20231117 14:54:28.173" endtime="20231117 14:54:28.283"/>
</kw>
<kw name="Submit Credentials">
<kw name="Click Button" library="SeleniumLibrary">
<arg>Register</arg>
<doc>Clicks the button identified by ``locator``.</doc>
<msg timestamp="20231117 14:54:28.285" level="INFO">Clicking button 'Register'.</msg>
<status status="PASS" starttime="20231117 14:54:28.284" endtime="20231117 14:54:28.943"/>
</kw>
<status status="PASS" starttime="20231117 14:54:28.284" endtime="20231117 14:54:28.943"/>
</kw>
<kw name="Register Should Fail With Message">
<arg>Password doesn't match to password confirmation</arg>
<kw name="Register Page Should Be Open" library="resource">
<kw name="Title Should Be" library="SeleniumLibrary">
<arg>Register</arg>
<doc>Verifies that the current page title equals ``title``.</doc>
<msg timestamp="20231117 14:54:28.954" level="INFO">Page title is 'Register'.</msg>
<status status="PASS" starttime="20231117 14:54:28.946" endtime="20231117 14:54:28.954"/>
</kw>
<status status="PASS" starttime="20231117 14:54:28.945" endtime="20231117 14:54:28.954"/>
</kw>
<kw name="Page Should Contain" library="SeleniumLibrary">
<arg>${message}</arg>
<doc>Verifies that current page contains ``text``.</doc>
<msg timestamp="20231117 14:54:28.980" level="INFO">Current page contains text 'Password doesn't match to password confirmation'.</msg>
<status status="PASS" starttime="20231117 14:54:28.954" endtime="20231117 14:54:28.980"/>
</kw>
<status status="PASS" starttime="20231117 14:54:28.945" endtime="20231117 14:54:28.980"/>
</kw>
<status status="PASS" starttime="20231117 14:54:23.818" endtime="20231117 14:54:28.981"/>
</test>
<kw name="Close Browser" library="SeleniumLibrary" type="TEARDOWN">
<doc>Closes the current browser.</doc>
<status status="PASS" starttime="20231117 14:54:28.984" endtime="20231117 14:54:31.138"/>
</kw>
<status status="PASS" starttime="20231117 14:54:06.091" endtime="20231117 14:54:31.138"/>
</suite>
<status status="PASS" starttime="20231117 14:53:31.249" endtime="20231117 14:54:31.138"/>
</suite>
<statistics>
<total>
<stat pass="9" fail="0" skip="0">All Tests</stat>
</total>
<tag>
</tag>
<suite>
<stat pass="9" fail="0" skip="0" id="s1" name="Tests">Tests</stat>
<stat pass="2" fail="0" skip="0" id="s1-s1" name="Home">Tests.Home</stat>
<stat pass="3" fail="0" skip="0" id="s1-s2" name="Login">Tests.Login</stat>
<stat pass="4" fail="0" skip="0" id="s1-s3" name="Register">Tests.Register</stat>
</suite>
</statistics>
<errors>
</errors>
</robot>
