<?xml version="1.0" encoding="UTF-8"?>
<robot generator="Robot 6.1.1 (Python 3.11.0 on win32)" generated="20231116 10:56:16.380" rpa="false" schemaversion="4">
<suite id="s1" name="Tests" source="C:\Users\Valts\Documents\Palautusrepositorio\viikko3\login-robot\src\tests">
<suite id="s1-s1" name="Login" source="C:\Users\Valts\Documents\Palautusrepositorio\viikko3\login-robot\src\tests\login.robot">
<test id="s1-s1-t1" name="Login With Correct Credentials" line="6">
<kw name="Create User And Input Login Command" type="SETUP">
<kw name="Create User" library="AppLibrary">
<arg>kalle</arg>
<arg>kalle123</arg>
<status status="PASS" starttime="20231116 10:56:16.487" endtime="20231116 10:56:16.487"/>
</kw>
<kw name="Input Login Command" library="resource">
<kw name="Input" library="AppLibrary">
<arg>login</arg>
<status status="PASS" starttime="20231116 10:56:16.487" endtime="20231116 10:56:16.487"/>
</kw>
<status status="PASS" starttime="20231116 10:56:16.487" endtime="20231116 10:56:16.487"/>
</kw>
<status status="PASS" starttime="20231116 10:56:16.487" endtime="20231116 10:56:16.487"/>
</kw>
<kw name="Input Credentials" library="resource">
<arg>kalle</arg>
<arg>kalle123</arg>
<kw name="Input" library="AppLibrary">
<arg>${username}</arg>
<status status="PASS" starttime="20231116 10:56:16.487" endtime="20231116 10:56:16.487"/>
</kw>
<kw name="Input" library="AppLibrary">
<arg>${password}</arg>
<status status="PASS" starttime="20231116 10:56:16.487" endtime="20231116 10:56:16.487"/>
</kw>
<kw name="Run Application" library="AppLibrary">
<status status="PASS" starttime="20231116 10:56:16.487" endtime="20231116 10:56:16.487"/>
</kw>
<status status="PASS" starttime="20231116 10:56:16.487" endtime="20231116 10:56:16.487"/>
</kw>
<kw name="Output Should Contain" library="AppLibrary">
<arg>Logged in</arg>
<status status="PASS" starttime="20231116 10:56:16.487" endtime="20231116 10:56:16.487"/>
</kw>
<status status="PASS" starttime="20231116 10:56:16.487" endtime="20231116 10:56:16.487"/>
</test>
<status status="PASS" starttime="20231116 10:56:16.465" endtime="20231116 10:56:16.487"/>
</suite>
<status status="PASS" starttime="20231116 10:56:16.380" endtime="20231116 10:56:16.487"/>
</suite>
<statistics>
<total>
<stat pass="1" fail="0" skip="0">All Tests</stat>
</total>
<tag>
</tag>
<suite>
<stat pass="1" fail="0" skip="0" id="s1" name="Tests">Tests</stat>
<stat pass="1" fail="0" skip="0" id="s1-s1" name="Login">Tests.Login</stat>
</suite>
</statistics>
<errors>
</errors>
</robot>
