<?xml version="1.0" encoding="UTF-8"?>
<robot generator="Robot 6.1.1 (Python 3.11.0 on win32)" generated="20231117 12:49:06.582" rpa="false" schemaversion="4">
<suite id="s1" name="Tests" source="C:\Users\Valts\Documents\Palautusrepositorio\viikko3\login-robot\src\tests">
<suite id="s1-s1" name="Login" source="C:\Users\Valts\Documents\Palautusrepositorio\viikko3\login-robot\src\tests\login.robot">
<test id="s1-s1-t1" name="Login With Correct Credentials" line="6">
<kw name="Create User And Input Login Command" library="resource" type="SETUP">
<kw name="Create User" library="AppLibrary">
<arg>kalle</arg>
<arg>kalle123</arg>
<status status="PASS" starttime="20231117 12:49:06.600" endtime="20231117 12:49:06.600"/>
</kw>
<kw name="Input Login Command" library="resource">
<kw name="Input" library="AppLibrary">
<arg>login</arg>
<status status="PASS" starttime="20231117 12:49:06.600" endtime="20231117 12:49:06.600"/>
</kw>
<status status="PASS" starttime="20231117 12:49:06.600" endtime="20231117 12:49:06.600"/>
</kw>
<status status="PASS" starttime="20231117 12:49:06.600" endtime="20231117 12:49:06.600"/>
</kw>
<kw name="Input Credentials" library="resource">
<arg>kalle</arg>
<arg>kalle123</arg>
<kw name="Input" library="AppLibrary">
<arg>${username}</arg>
<status status="PASS" starttime="20231117 12:49:06.600" endtime="20231117 12:49:06.600"/>
</kw>
<kw name="Input" library="AppLibrary">
<arg>${password}</arg>
<status status="PASS" starttime="20231117 12:49:06.600" endtime="20231117 12:49:06.600"/>
</kw>
<kw name="Run Application" library="AppLibrary">
<status status="PASS" starttime="20231117 12:49:06.600" endtime="20231117 12:49:06.600"/>
</kw>
<status status="PASS" starttime="20231117 12:49:06.600" endtime="20231117 12:49:06.600"/>
</kw>
<kw name="Output Should Contain" library="AppLibrary">
<arg>Logged in</arg>
<status status="PASS" starttime="20231117 12:49:06.600" endtime="20231117 12:49:06.600"/>
</kw>
<status status="PASS" starttime="20231117 12:49:06.600" endtime="20231117 12:49:06.600"/>
</test>
<test id="s1-s1-t2" name="Login With Incorrect Password" line="10">
<kw name="Create User And Input Login Command" library="resource" type="SETUP">
<kw name="Create User" library="AppLibrary">
<arg>kalle</arg>
<arg>kalle123</arg>
<status status="PASS" starttime="20231117 12:49:06.600" endtime="20231117 12:49:06.600"/>
</kw>
<kw name="Input Login Command" library="resource">
<kw name="Input" library="AppLibrary">
<arg>login</arg>
<status status="PASS" starttime="20231117 12:49:06.600" endtime="20231117 12:49:06.600"/>
</kw>
<status status="PASS" starttime="20231117 12:49:06.600" endtime="20231117 12:49:06.600"/>
</kw>
<status status="PASS" starttime="20231117 12:49:06.600" endtime="20231117 12:49:06.600"/>
</kw>
<kw name="Input Credentials" library="resource">
<arg>kalle</arg>
<arg>kalle321</arg>
<kw name="Input" library="AppLibrary">
<arg>${username}</arg>
<status status="PASS" starttime="20231117 12:49:06.600" endtime="20231117 12:49:06.600"/>
</kw>
<kw name="Input" library="AppLibrary">
<arg>${password}</arg>
<status status="PASS" starttime="20231117 12:49:06.600" endtime="20231117 12:49:06.600"/>
</kw>
<kw name="Run Application" library="AppLibrary">
<status status="PASS" starttime="20231117 12:49:06.600" endtime="20231117 12:49:06.600"/>
</kw>
<status status="PASS" starttime="20231117 12:49:06.600" endtime="20231117 12:49:06.600"/>
</kw>
<kw name="Output Should Contain" library="AppLibrary">
<arg>Invalid username or password</arg>
<status status="PASS" starttime="20231117 12:49:06.600" endtime="20231117 12:49:06.600"/>
</kw>
<status status="PASS" starttime="20231117 12:49:06.600" endtime="20231117 12:49:06.600"/>
</test>
<test id="s1-s1-t3" name="Login With Nonexistent Username" line="14">
<kw name="Create User And Input Login Command" library="resource" type="SETUP">
<kw name="Create User" library="AppLibrary">
<arg>kalle</arg>
<arg>kalle123</arg>
<status status="PASS" starttime="20231117 12:49:06.600" endtime="20231117 12:49:06.600"/>
</kw>
<kw name="Input Login Command" library="resource">
<kw name="Input" library="AppLibrary">
<arg>login</arg>
<status status="PASS" starttime="20231117 12:49:06.600" endtime="20231117 12:49:06.600"/>
</kw>
<status status="PASS" starttime="20231117 12:49:06.600" endtime="20231117 12:49:06.600"/>
</kw>
<status status="PASS" starttime="20231117 12:49:06.600" endtime="20231117 12:49:06.600"/>
</kw>
<kw name="Input Credentials" library="resource">
<arg>ville</arg>
<arg>ville123</arg>
<kw name="Input" library="AppLibrary">
<arg>${username}</arg>
<status status="PASS" starttime="20231117 12:49:06.600" endtime="20231117 12:49:06.600"/>
</kw>
<kw name="Input" library="AppLibrary">
<arg>${password}</arg>
<status status="PASS" starttime="20231117 12:49:06.600" endtime="20231117 12:49:06.600"/>
</kw>
<kw name="Run Application" library="AppLibrary">
<status status="PASS" starttime="20231117 12:49:06.600" endtime="20231117 12:49:06.600"/>
</kw>
<status status="PASS" starttime="20231117 12:49:06.600" endtime="20231117 12:49:06.600"/>
</kw>
<kw name="Output Should Contain" library="AppLibrary">
<arg>Invalid username or password</arg>
<status status="PASS" starttime="20231117 12:49:06.600" endtime="20231117 12:49:06.600"/>
</kw>
<status status="PASS" starttime="20231117 12:49:06.600" endtime="20231117 12:49:06.600"/>
</test>
<status status="PASS" starttime="20231117 12:49:06.600" endtime="20231117 12:49:06.600"/>
</suite>
<suite id="s1-s2" name="Register" source="C:\Users\Valts\Documents\Palautusrepositorio\viikko3\login-robot\src\tests\register.robot">
<test id="s1-s2-t1" name="Register With Valid Username And Password" line="6">
<kw name="Input New Command And Create User" library="resource" type="SETUP">
<kw name="Create User" library="AppLibrary">
<arg>kalle</arg>
<arg>kalle123</arg>
<status status="PASS" starttime="20231117 12:49:06.616" endtime="20231117 12:49:06.616"/>
</kw>
<kw name="Input New Command" library="resource">
<kw name="Input" library="AppLibrary">
<arg>new</arg>
<status status="PASS" starttime="20231117 12:49:06.616" endtime="20231117 12:49:06.616"/>
</kw>
<status status="PASS" starttime="20231117 12:49:06.616" endtime="20231117 12:49:06.616"/>
</kw>
<status status="PASS" starttime="20231117 12:49:06.616" endtime="20231117 12:49:06.616"/>
</kw>
<kw name="Input Credentials" library="resource">
<arg>mikko</arg>
<arg>salasana123</arg>
<kw name="Input" library="AppLibrary">
<arg>${username}</arg>
<status status="PASS" starttime="20231117 12:49:06.616" endtime="20231117 12:49:06.616"/>
</kw>
<kw name="Input" library="AppLibrary">
<arg>${password}</arg>
<status status="PASS" starttime="20231117 12:49:06.616" endtime="20231117 12:49:06.616"/>
</kw>
<kw name="Run Application" library="AppLibrary">
<status status="PASS" starttime="20231117 12:49:06.616" endtime="20231117 12:49:06.616"/>
</kw>
<status status="PASS" starttime="20231117 12:49:06.616" endtime="20231117 12:49:06.616"/>
</kw>
<kw name="Output Should Contain" library="AppLibrary">
<arg>New user registered</arg>
<status status="PASS" starttime="20231117 12:49:06.616" endtime="20231117 12:49:06.616"/>
</kw>
<status status="PASS" starttime="20231117 12:49:06.616" endtime="20231117 12:49:06.616"/>
</test>
<test id="s1-s2-t2" name="Register With Already Taken Username And Valid Password" line="10">
<kw name="Input New Command And Create User" library="resource" type="SETUP">
<kw name="Create User" library="AppLibrary">
<arg>kalle</arg>
<arg>kalle123</arg>
<status status="PASS" starttime="20231117 12:49:06.616" endtime="20231117 12:49:06.616"/>
</kw>
<kw name="Input New Command" library="resource">
<kw name="Input" library="AppLibrary">
<arg>new</arg>
<status status="PASS" starttime="20231117 12:49:06.616" endtime="20231117 12:49:06.616"/>
</kw>
<status status="PASS" starttime="20231117 12:49:06.616" endtime="20231117 12:49:06.616"/>
</kw>
<status status="PASS" starttime="20231117 12:49:06.616" endtime="20231117 12:49:06.616"/>
</kw>
<kw name="Input Credentials" library="resource">
<arg>kalle</arg>
<arg>salasana123</arg>
<kw name="Input" library="AppLibrary">
<arg>${username}</arg>
<status status="PASS" starttime="20231117 12:49:06.616" endtime="20231117 12:49:06.616"/>
</kw>
<kw name="Input" library="AppLibrary">
<arg>${password}</arg>
<status status="PASS" starttime="20231117 12:49:06.616" endtime="20231117 12:49:06.616"/>
</kw>
<kw name="Run Application" library="AppLibrary">
<status status="PASS" starttime="20231117 12:49:06.616" endtime="20231117 12:49:06.616"/>
</kw>
<status status="PASS" starttime="20231117 12:49:06.616" endtime="20231117 12:49:06.616"/>
</kw>
<kw name="Output Should Contain" library="AppLibrary">
<arg>Password is valid but username is taken</arg>
<status status="PASS" starttime="20231117 12:49:06.616" endtime="20231117 12:49:06.616"/>
</kw>
<status status="PASS" starttime="20231117 12:49:06.616" endtime="20231117 12:49:06.616"/>
</test>
<test id="s1-s2-t3" name="Register With Too Short Username And Valid Password" line="14">
<kw name="Input New Command And Create User" library="resource" type="SETUP">
<kw name="Create User" library="AppLibrary">
<arg>kalle</arg>
<arg>kalle123</arg>
<status status="PASS" starttime="20231117 12:49:06.616" endtime="20231117 12:49:06.616"/>
</kw>
<kw name="Input New Command" library="resource">
<kw name="Input" library="AppLibrary">
<arg>new</arg>
<status status="PASS" starttime="20231117 12:49:06.616" endtime="20231117 12:49:06.616"/>
</kw>
<status status="PASS" starttime="20231117 12:49:06.616" endtime="20231117 12:49:06.616"/>
</kw>
<status status="PASS" starttime="20231117 12:49:06.616" endtime="20231117 12:49:06.616"/>
</kw>
<kw name="Input Credentials" library="resource">
<arg>ab</arg>
<arg>salasana123</arg>
<kw name="Input" library="AppLibrary">
<arg>${username}</arg>
<status status="PASS" starttime="20231117 12:49:06.616" endtime="20231117 12:49:06.616"/>
</kw>
<kw name="Input" library="AppLibrary">
<arg>${password}</arg>
<status status="PASS" starttime="20231117 12:49:06.616" endtime="20231117 12:49:06.616"/>
</kw>
<kw name="Run Application" library="AppLibrary">
<status status="PASS" starttime="20231117 12:49:06.616" endtime="20231117 12:49:06.616"/>
</kw>
<status status="PASS" starttime="20231117 12:49:06.616" endtime="20231117 12:49:06.616"/>
</kw>
<kw name="Output Should Contain" library="AppLibrary">
<arg>Password is valid but username is too short</arg>
<status status="PASS" starttime="20231117 12:49:06.616" endtime="20231117 12:49:06.616"/>
</kw>
<status status="PASS" starttime="20231117 12:49:06.616" endtime="20231117 12:49:06.616"/>
</test>
<test id="s1-s2-t4" name="Register With Enough Long But Invalid Username And Valid Password" line="18">
<kw name="Input New Command And Create User" library="resource" type="SETUP">
<kw name="Create User" library="AppLibrary">
<arg>kalle</arg>
<arg>kalle123</arg>
<status status="PASS" starttime="20231117 12:49:06.616" endtime="20231117 12:49:06.616"/>
</kw>
<kw name="Input New Command" library="resource">
<kw name="Input" library="AppLibrary">
<arg>new</arg>
<status status="PASS" starttime="20231117 12:49:06.616" endtime="20231117 12:49:06.616"/>
</kw>
<status status="PASS" starttime="20231117 12:49:06.616" endtime="20231117 12:49:06.616"/>
</kw>
<status status="PASS" starttime="20231117 12:49:06.616" endtime="20231117 12:49:06.616"/>
</kw>
<kw name="Input Credentials" library="resource">
<arg>kalle1</arg>
<arg>salasana123</arg>
<kw name="Input" library="AppLibrary">
<arg>${username}</arg>
<status status="PASS" starttime="20231117 12:49:06.616" endtime="20231117 12:49:06.616"/>
</kw>
<kw name="Input" library="AppLibrary">
<arg>${password}</arg>
<status status="PASS" starttime="20231117 12:49:06.616" endtime="20231117 12:49:06.616"/>
</kw>
<kw name="Run Application" library="AppLibrary">
<status status="PASS" starttime="20231117 12:49:06.616" endtime="20231117 12:49:06.616"/>
</kw>
<status status="PASS" starttime="20231117 12:49:06.616" endtime="20231117 12:49:06.616"/>
</kw>
<kw name="Output Should Contain" library="AppLibrary">
<arg>Password is valid but username can only contain letters</arg>
<status status="PASS" starttime="20231117 12:49:06.616" endtime="20231117 12:49:06.616"/>
</kw>
<status status="PASS" starttime="20231117 12:49:06.616" endtime="20231117 12:49:06.616"/>
</test>
<test id="s1-s2-t5" name="Register With Valid Username And Too Short Password" line="22">
<kw name="Input New Command And Create User" library="resource" type="SETUP">
<kw name="Create User" library="AppLibrary">
<arg>kalle</arg>
<arg>kalle123</arg>
<status status="PASS" starttime="20231117 12:49:06.616" endtime="20231117 12:49:06.616"/>
</kw>
<kw name="Input New Command" library="resource">
<kw name="Input" library="AppLibrary">
<arg>new</arg>
<status status="PASS" starttime="20231117 12:49:06.616" endtime="20231117 12:49:06.616"/>
</kw>
<status status="PASS" starttime="20231117 12:49:06.616" endtime="20231117 12:49:06.616"/>
</kw>
<status status="PASS" starttime="20231117 12:49:06.616" endtime="20231117 12:49:06.616"/>
</kw>
<kw name="Input Credentials" library="resource">
<arg>mikko</arg>
<arg>sala1</arg>
<kw name="Input" library="AppLibrary">
<arg>${username}</arg>
<status status="PASS" starttime="20231117 12:49:06.616" endtime="20231117 12:49:06.623"/>
</kw>
<kw name="Input" library="AppLibrary">
<arg>${password}</arg>
<status status="PASS" starttime="20231117 12:49:06.623" endtime="20231117 12:49:06.623"/>
</kw>
<kw name="Run Application" library="AppLibrary">
<status status="PASS" starttime="20231117 12:49:06.623" endtime="20231117 12:49:06.623"/>
</kw>
<status status="PASS" starttime="20231117 12:49:06.616" endtime="20231117 12:49:06.623"/>
</kw>
<kw name="Output Should Contain" library="AppLibrary">
<arg>Username is valid but password is too short</arg>
<status status="PASS" starttime="20231117 12:49:06.623" endtime="20231117 12:49:06.623"/>
</kw>
<status status="PASS" starttime="20231117 12:49:06.616" endtime="20231117 12:49:06.623"/>
</test>
<test id="s1-s2-t6" name="Register With Valid Username And Long Enough Password Containing Only Letters" line="26">
<kw name="Input New Command And Create User" library="resource" type="SETUP">
<kw name="Create User" library="AppLibrary">
<arg>kalle</arg>
<arg>kalle123</arg>
<status status="PASS" starttime="20231117 12:49:06.623" endtime="20231117 12:49:06.623"/>
</kw>
<kw name="Input New Command" library="resource">
<kw name="Input" library="AppLibrary">
<arg>new</arg>
<status status="PASS" starttime="20231117 12:49:06.623" endtime="20231117 12:49:06.623"/>
</kw>
<status status="PASS" starttime="20231117 12:49:06.623" endtime="20231117 12:49:06.623"/>
</kw>
<status status="PASS" starttime="20231117 12:49:06.623" endtime="20231117 12:49:06.623"/>
</kw>
<kw name="Input Credentials" library="resource">
<arg>mikko</arg>
<arg>huonosalasana</arg>
<kw name="Input" library="AppLibrary">
<arg>${username}</arg>
<status status="PASS" starttime="20231117 12:49:06.623" endtime="20231117 12:49:06.623"/>
</kw>
<kw name="Input" library="AppLibrary">
<arg>${password}</arg>
<status status="PASS" starttime="20231117 12:49:06.623" endtime="20231117 12:49:06.623"/>
</kw>
<kw name="Run Application" library="AppLibrary">
<status status="PASS" starttime="20231117 12:49:06.623" endtime="20231117 12:49:06.623"/>
</kw>
<status status="PASS" starttime="20231117 12:49:06.623" endtime="20231117 12:49:06.623"/>
</kw>
<kw name="Output Should Contain" library="AppLibrary">
<arg>Username is valid but password can't only contain letters</arg>
<status status="PASS" starttime="20231117 12:49:06.623" endtime="20231117 12:49:06.623"/>
</kw>
<status status="PASS" starttime="20231117 12:49:06.623" endtime="20231117 12:49:06.623"/>
</test>
<status status="PASS" starttime="20231117 12:49:06.600" endtime="20231117 12:49:06.623"/>
</suite>
<status status="PASS" starttime="20231117 12:49:06.584" endtime="20231117 12:49:06.623"/>
</suite>
<statistics>
<total>
<stat pass="9" fail="0" skip="0">All Tests</stat>
</total>
<tag>
</tag>
<suite>
<stat pass="9" fail="0" skip="0" id="s1" name="Tests">Tests</stat>
<stat pass="3" fail="0" skip="0" id="s1-s1" name="Login">Tests.Login</stat>
<stat pass="6" fail="0" skip="0" id="s1-s2" name="Register">Tests.Register</stat>
</suite>
</statistics>
<errors>
</errors>
</robot>
